
Showing logs for build [32mcb-kubecd-environment-pr-34-4-b-7pchm-1[0m stage [32mfrom-build-pack[0m and container [32mstep-credential-initializer-295v2[0m
{"level":"warn","ts":1572959854.2916353,"logger":"fallback-logger","caller":"logging/config.go:69","msg":"Fetch GitHub commit ID from kodata failed: \"ref: refs/heads/master\" is not a valid GitHub commit ID"}
{"level":"info","ts":1572959854.2933986,"logger":"fallback-logger","caller":"creds-init/main.go:40","msg":"Credentials initialized."}

Showing logs for build [32mcb-kubecd-environment-pr-34-4-b-7pchm-1[0m stage [32mfrom-build-pack[0m and container [32mstep-working-dir-initializer-9fhwk[0m
{"level":"warn","ts":1572959855.2155046,"logger":"fallback-logger","caller":"logging/config.go:69","msg":"Fetch GitHub commit ID from kodata failed: open /var/run/ko/HEAD: no such file or directory"}
{"level":"info","ts":1572959855.2170048,"logger":"fallback-logger","caller":"bash/main.go:65","msg":"Successfully executed command \"mkdir -p /workspace/source\""}

Showing logs for build [32mcb-kubecd-environment-pr-34-4-b-7pchm-1[0m stage [32mfrom-build-pack[0m and container [32mstep-place-tools[0m

Showing logs for build [32mcb-kubecd-environment-pr-34-4-b-7pchm-1[0m stage [32mfrom-build-pack[0m and container [32mstep-git-source-cb-kubecd-environment-pr-34-4-b-m9grj[0m
{"level":"warn","ts":1572959883.296891,"logger":"fallback-logger","caller":"logging/config.go:69","msg":"Fetch GitHub commit ID from kodata failed: \"ref: refs/heads/master\" is not a valid GitHub commit ID"}
{"level":"info","ts":1572959884.345964,"logger":"fallback-logger","caller":"git/git.go:102","msg":"Successfully cloned https://github.com/cb-kubecd/environment-pr-34-4-boot-vault-gke-staging.git @ 7603324634d57578fa32a329b7ad923a78b776ce in path /workspace/source"}

Showing logs for build [32mcb-kubecd-environment-pr-34-4-b-7pchm-1[0m stage [32mfrom-build-pack[0m and container [32mstep-git-merge[0m
Using SHAs from PULL_REFS=master:f7f18daf1584d1f85876c664f65b0654af276455,2:7603324634d57578fa32a329b7ad923a78b776ce
DEBUG: ran git fetch --unshallow origin 7603324634d57578fa32a329b7ad923a78b776ce: f7f18daf1584d1f85876c664f65b0654af276455: in 
DEBUG: ran git checkout master in 
DEBUG: ran git reset --hard f7f18daf1584d1f85876c664f65b0654af276455 in 
DEBUG: ran clean --force -d . in 
DEBUG: ran git merge 7603324634d57578fa32a329b7ad923a78b776ce in 
Merged SHA 7603324634d57578fa32a329b7ad923a78b776ce with commit message 'chore: Promote bdd-gh-1572959588 to version 0.0.1' into base branch master

Showing logs for build [32mcb-kubecd-environment-pr-34-4-b-7pchm-1[0m stage [32mfrom-build-pack[0m and container [32mstep-build-helm-build[0m
WARNING: No $CHART_REPOSITORY defined so using the default value of: http://jenkins-x-chartmuseum:8080
Adding missing Helm repo: storage.googleapis.com https://storage.googleapis.com/chartmuseum.jenkins-x.io
Read credentials for https://storage.googleapis.com/chartmuseum.jenkins-x.io from vault helm/repos
Successfully added Helm repository storage.googleapis.com.
Adding missing Helm repo: jenkins-x-chartmuseum http://jenkins-x-chartmuseum:8080
Read credentials for http://jenkins-x-chartmuseum:8080 from vault helm/repos
Successfully added Helm repository jenkins-x-chartmuseum.
WARNING: No $CHART_REPOSITORY defined so using the default value of: http://jenkins-x-chartmuseum:8080
Adding missing Helm repo: chartmuseum.jenkins-x.io http://chartmuseum.jenkins-x.io
Read credentials for http://chartmuseum.jenkins-x.io from vault helm/repos
Successfully added Helm repository chartmuseum.jenkins-x.io.
