
Showing logs for build [32mcb-kubecd-environment-pr-34-4-b-tttxl-1[0m stage [32mfrom-build-pack[0m and container [32mstep-credential-initializer-kngqs[0m
{"level":"warn","ts":1572961546.0545597,"logger":"fallback-logger","caller":"logging/config.go:69","msg":"Fetch GitHub commit ID from kodata failed: \"ref: refs/heads/master\" is not a valid GitHub commit ID"}
{"level":"info","ts":1572961546.0566688,"logger":"fallback-logger","caller":"creds-init/main.go:40","msg":"Credentials initialized."}

Showing logs for build [32mcb-kubecd-environment-pr-34-4-b-tttxl-1[0m stage [32mfrom-build-pack[0m and container [32mstep-working-dir-initializer-wps5w[0m
{"level":"warn","ts":1572961547.0257106,"logger":"fallback-logger","caller":"logging/config.go:69","msg":"Fetch GitHub commit ID from kodata failed: open /var/run/ko/HEAD: no such file or directory"}
{"level":"info","ts":1572961547.0339177,"logger":"fallback-logger","caller":"bash/main.go:65","msg":"Successfully executed command \"mkdir -p /workspace/source\""}

Showing logs for build [32mcb-kubecd-environment-pr-34-4-b-tttxl-1[0m stage [32mfrom-build-pack[0m and container [32mstep-place-tools[0m

Showing logs for build [32mcb-kubecd-environment-pr-34-4-b-tttxl-1[0m stage [32mfrom-build-pack[0m and container [32mstep-git-source-cb-kubecd-environment-pr-34-4-b-qxqgl[0m
{"level":"warn","ts":1572961575.1167974,"logger":"fallback-logger","caller":"logging/config.go:69","msg":"Fetch GitHub commit ID from kodata failed: \"ref: refs/heads/master\" is not a valid GitHub commit ID"}
{"level":"info","ts":1572961576.2131953,"logger":"fallback-logger","caller":"git/git.go:102","msg":"Successfully cloned https://github.com/cb-kubecd/environment-pr-34-4-boot-vault-gke-staging.git @ 7c1d74cac9f0c60035748bedb26efaffbf024631 in path /workspace/source"}

Showing logs for build [32mcb-kubecd-environment-pr-34-4-b-tttxl-1[0m stage [32mfrom-build-pack[0m and container [32mstep-git-merge[0m
Using SHAs from PULL_REFS=master:e3f52ddd7aed50df2b4277ad00064c8c4d62de39,3:7c1d74cac9f0c60035748bedb26efaffbf024631
DEBUG: ran git fetch --unshallow origin 7c1d74cac9f0c60035748bedb26efaffbf024631: e3f52ddd7aed50df2b4277ad00064c8c4d62de39: in 
DEBUG: ran git checkout master in 
DEBUG: ran git reset --hard e3f52ddd7aed50df2b4277ad00064c8c4d62de39 in 
DEBUG: ran clean --force -d . in 
DEBUG: ran git merge 7c1d74cac9f0c60035748bedb26efaffbf024631 in 
Merged SHA 7c1d74cac9f0c60035748bedb26efaffbf024631 with commit message 'chore: Promote bdd-sbhg-1572959588 to version 0.0.1' into base branch master

Showing logs for build [32mcb-kubecd-environment-pr-34-4-b-tttxl-1[0m stage [32mfrom-build-pack[0m and container [32mstep-build-helm-build[0m
WARNING: No $CHART_REPOSITORY defined so using the default value of: http://jenkins-x-chartmuseum:8080
Adding missing Helm repo: storage.googleapis.com https://storage.googleapis.com/chartmuseum.jenkins-x.io
Read credentials for https://storage.googleapis.com/chartmuseum.jenkins-x.io from vault helm/repos
Successfully added Helm repository storage.googleapis.com.
Adding missing Helm repo: jenkins-x-chartmuseum http://jenkins-x-chartmuseum:8080
Read credentials for http://jenkins-x-chartmuseum:8080 from vault helm/repos
Successfully added Helm repository jenkins-x-chartmuseum.
WARNING: No $CHART_REPOSITORY defined so using the default value of: http://jenkins-x-chartmuseum:8080
Adding missing Helm repo: chartmuseum.jenkins-x.io http://chartmuseum.jenkins-x.io
Read credentials for http://chartmuseum.jenkins-x.io from vault helm/repos
Successfully added Helm repository chartmuseum.jenkins-x.io.
