
Showing logs for build [32mcb-kubecd-environment-pr-34-4-b-1[0m stage [32mfrom-build-pack[0m and container [32mstep-credential-initializer-szzcs[0m
{"level":"warn","ts":1572958126.0402446,"logger":"fallback-logger","caller":"logging/config.go:69","msg":"Fetch GitHub commit ID from kodata failed: \"ref: refs/heads/master\" is not a valid GitHub commit ID"}
{"level":"info","ts":1572958126.04077,"logger":"fallback-logger","caller":"creds-init/main.go:40","msg":"Credentials initialized."}

Showing logs for build [32mcb-kubecd-environment-pr-34-4-b-1[0m stage [32mfrom-build-pack[0m and container [32mstep-working-dir-initializer-jdpgg[0m
{"level":"warn","ts":1572958126.9457858,"logger":"fallback-logger","caller":"logging/config.go:69","msg":"Fetch GitHub commit ID from kodata failed: open /var/run/ko/HEAD: no such file or directory"}
{"level":"info","ts":1572958126.94743,"logger":"fallback-logger","caller":"bash/main.go:65","msg":"Successfully executed command \"mkdir -p /workspace/source\""}

Showing logs for build [32mcb-kubecd-environment-pr-34-4-b-1[0m stage [32mfrom-build-pack[0m and container [32mstep-place-tools[0m

Showing logs for build [32mcb-kubecd-environment-pr-34-4-b-1[0m stage [32mfrom-build-pack[0m and container [32mstep-git-source-cb-kubecd-environment-pr-34-4-b-svd8d[0m
{"level":"warn","ts":1572958155.0858204,"logger":"fallback-logger","caller":"logging/config.go:69","msg":"Fetch GitHub commit ID from kodata failed: \"ref: refs/heads/master\" is not a valid GitHub commit ID"}
{"level":"info","ts":1572958156.1890817,"logger":"fallback-logger","caller":"git/git.go:102","msg":"Successfully cloned https://github.com/cb-kubecd/environment-pr-34-4-boot-vault-gke-staging.git @ 407e79695608dd70f207a86ad2276f4d0745c0d1 in path /workspace/source"}

Showing logs for build [32mcb-kubecd-environment-pr-34-4-b-1[0m stage [32mfrom-build-pack[0m and container [32mstep-git-merge[0m
Using SHAs from PULL_REFS=master:d5b66be17a0dea67e2e1adb64fa13afb5d1e00c3,1:407e79695608dd70f207a86ad2276f4d0745c0d1
DEBUG: ran git fetch --unshallow origin 407e79695608dd70f207a86ad2276f4d0745c0d1: d5b66be17a0dea67e2e1adb64fa13afb5d1e00c3: in 
DEBUG: ran git checkout master in 
DEBUG: ran git reset --hard d5b66be17a0dea67e2e1adb64fa13afb5d1e00c3 in 
DEBUG: ran clean --force -d . in 
DEBUG: ran git merge 407e79695608dd70f207a86ad2276f4d0745c0d1 in 
Merged SHA 407e79695608dd70f207a86ad2276f4d0745c0d1 with commit message 'chore: Promote bdd-spring-1572957832 to version 0.0.1' into base branch master

Showing logs for build [32mcb-kubecd-environment-pr-34-4-b-1[0m stage [32mfrom-build-pack[0m and container [32mstep-build-helm-build[0m
WARNING: No $CHART_REPOSITORY defined so using the default value of: http://jenkins-x-chartmuseum:8080
Adding missing Helm repo: storage.googleapis.com https://storage.googleapis.com/chartmuseum.jenkins-x.io
Read credentials for https://storage.googleapis.com/chartmuseum.jenkins-x.io from vault helm/repos
Successfully added Helm repository storage.googleapis.com.
Adding missing Helm repo: jenkins-x-chartmuseum http://jenkins-x-chartmuseum:8080
Read credentials for http://jenkins-x-chartmuseum:8080 from vault helm/repos
Successfully added Helm repository jenkins-x-chartmuseum.
WARNING: No $CHART_REPOSITORY defined so using the default value of: http://jenkins-x-chartmuseum:8080
Adding missing Helm repo: chartmuseum.jenkins-x.io http://chartmuseum.jenkins-x.io
Read credentials for http://chartmuseum.jenkins-x.io from vault helm/repos
Successfully added Helm repository chartmuseum.jenkins-x.io.
